2022-04-23 21:00:58.320  INFO 21380 --- [main] com.satech.pharmacy.PharmacyApplication  : Starting PharmacyApplication v2.0.0 on TULPAR with PID 21380 (C:\Users\ibrahimyilmaz\Desktop\Github\Pharmacy-Code\target\pharmacy-2.0.0.jar started by ibrahimyilmaz in C:\Users\ibrahimyilmaz\Desktop\Github\Pharmacy-Code\target)
2022-04-23 21:00:58.322 DEBUG 21380 --- [main] com.satech.pharmacy.PharmacyApplication  : Running with Spring Boot v2.1.3.RELEASE, Spring v5.1.5.RELEASE
2022-04-23 21:00:58.322  INFO 21380 --- [main] com.satech.pharmacy.PharmacyApplication  : No active profile set, falling back to default profiles: default
2022-04-23 21:00:58.871  INFO 21380 --- [main] .s.d.r.c.RepositoryConfigurationDelegate : Bootstrapping Spring Data repositories in DEFAULT mode.
2022-04-23 21:00:58.928  INFO 21380 --- [main] .s.d.r.c.RepositoryConfigurationDelegate : Finished Spring Data repository scanning in 51ms. Found 4 repository interfaces.
2022-04-23 21:00:59.205  INFO 21380 --- [main] trationDelegate$BeanPostProcessorChecker : Bean 'org.springframework.transaction.annotation.ProxyTransactionManagementConfiguration' of type [org.springframework.transaction.annotation.ProxyTransactionManagementConfiguration$$EnhancerBySpringCGLIB$$be59fd27] is not eligible for getting processed by all BeanPostProcessors (for example: not eligible for auto-proxying)
2022-04-23 21:00:59.982  INFO 21380 --- [main] o.s.b.w.embedded.tomcat.TomcatWebServer  : Tomcat initialized with port(s): 8081 (http)
2022-04-23 21:01:00.006  INFO 21380 --- [main] o.apache.catalina.core.StandardService   : Starting service [Tomcat]
2022-04-23 21:01:00.006  INFO 21380 --- [main] org.apache.catalina.core.StandardEngine  : Starting Servlet engine: [Apache Tomcat/9.0.16]
2022-04-23 21:01:00.017  INFO 21380 --- [main] o.a.catalina.core.AprLifecycleListener   : The APR based Apache Tomcat Native library which allows optimal performance in production environments was not found on the java.library.path: [C:\Program Files (x86)\Common Files\Oracle\Java\javapath;C:\WINDOWS\Sun\Java\bin;C:\WINDOWS\system32;C:\WINDOWS;C:\Python39\Scripts\;C:\Python39\;C:\Program Files (x86)\Common Files\Oracle\Java\javapath;C:\ProgramData\Oracle\Java\javapath;C:\Program Files (x86)\Intel\iCLS Client\;C:\Program Files\Intel\iCLS Client\;C:\Windows\system32;C:\Windows;C:\Windows\System32\Wbem;C:\Windows\System32\WindowsPowerShell\v1.0\;C:\Program Files (x86)\NVIDIA Corporation\PhysX\Common;C:\Program Files (x86)\Intel\Intel(R) Management Engine Components\DAL;C:\Program Files\Intel\Intel(R) Management Engine Components\DAL;C:\Program Files (x86)\Intel\Intel(R) Management Engine Components\IPT;C:\Program Files\Intel\Intel(R) Management Engine Components\IPT;C:\Program Files\Intel\WiFi\bin\;C:\Program Files\Common Files\Intel\WirelessCommon\;C:\Program Files (x86)\Windows Kits\8.1\Windows Performance Toolkit\;C:\WINDOWS\system32;C:\WINDOWS;C:\WINDOWS\System32\Wbem;C:\WINDOWS\System32\WindowsPowerShell\v1.0\;C:\WINDOWS\System32\OpenSSH\;C:\Maven\bin;C:\Program Files\PuTTY\;C:\Program Files\Git\cmd;C:\DeltaTau\PowerPMACSim\opt\ppmac\MinGW\bin;C:\Program Files\dotnet\;C:\Program Files\Microsoft SQL Server\130\Tools\Binn\;C:\Program Files\Microsoft SQL Server\Client SDK\ODBC\170\Tools\Binn\;C:\Program Files\nodejs\;C:\ProgramData\chocolatey\bin;C:\Program Files (x86)\dotnet\;C:\Users\ibrahimyilmaz\AppData\Local\Microsoft\WindowsApps;C:\Users\ibrahimyilmaz\AppData\Local\GitHubDesktop\bin;C:\Users\ibrahimyilmaz\AppData\Local\Microsoft\WindowsApps;C:\Users\ibrahimyilmaz\.dotnet\tools;C:\Users\ibrahimyilmaz\AppData\Roaming\npm;.]
2022-04-23 21:01:00.095  INFO 21380 --- [main] o.a.c.c.C.[Tomcat].[localhost].[/]       : Initializing Spring embedded WebApplicationContext
2022-04-23 21:01:00.095  INFO 21380 --- [main] o.s.web.context.ContextLoader            : Root WebApplicationContext: initialization completed in 1734 ms
2022-04-23 21:01:00.252  INFO 21380 --- [main] o.hibernate.jpa.internal.util.LogHelper  : HHH000204: Processing PersistenceUnitInfo [
	name: default
	...]
2022-04-23 21:01:00.313  INFO 21380 --- [main] org.hibernate.Version                    : HHH000412: Hibernate Core {5.3.7.Final}
2022-04-23 21:01:00.315  INFO 21380 --- [main] org.hibernate.cfg.Environment            : HHH000206: hibernate.properties not found
2022-04-23 21:01:00.430  INFO 21380 --- [main] o.hibernate.annotations.common.Version   : HCANN000001: Hibernate Commons Annotations {5.0.4.Final}
2022-04-23 21:01:00.710  INFO 21380 --- [main] com.zaxxer.hikari.HikariDataSource       : HikariPool-1 - Starting...
2022-04-23 21:01:00.828  INFO 21380 --- [main] com.zaxxer.hikari.HikariDataSource       : HikariPool-1 - Start completed.
2022-04-23 21:01:00.844  INFO 21380 --- [main] org.hibernate.dialect.Dialect            : HHH000400: Using dialect: org.hibernate.dialect.PostgreSQL95Dialect
2022-04-23 21:01:00.926  INFO 21380 --- [main] o.h.e.j.e.i.LobCreatorBuilderImpl        : HHH000421: Disabling contextual LOB creation as hibernate.jdbc.lob.non_contextual_creation is true
2022-04-23 21:01:00.933  INFO 21380 --- [main] org.hibernate.type.BasicTypeRegistry     : HHH000270: Type registration [java.util.UUID] overrides previous : org.hibernate.type.UUIDBinaryType@116c353
2022-04-23 21:01:01.502  INFO 21380 --- [main] j.LocalContainerEntityManagerFactoryBean : Initialized JPA EntityManagerFactory for persistence unit 'default'
2022-04-23 21:01:01.784  INFO 21380 --- [main] o.h.h.i.QueryTranslatorFactoryInitiator  : HHH000397: Using ASTQueryTranslatorFactory
2022-04-23 21:01:02.145  INFO 21380 --- [main] c.s.pharmacy.service.ParameterService    : ----------------------------------------------------------------
2022-04-23 21:01:02.146  INFO 21380 --- [main] c.s.pharmacy.service.ParameterService    : Scanner Mapping Loaded Seccesfuly
2022-04-23 21:01:02.146  INFO 21380 --- [main] c.s.pharmacy.service.ParameterService    : ----------------------------------------------------------------
2022-04-23 21:01:02.313  INFO 21380 --- [main] o.s.s.concurrent.ThreadPoolTaskExecutor  : Initializing ExecutorService 'applicationTaskExecutor'
2022-04-23 21:01:02.363  WARN 21380 --- [main] aWebConfiguration$JpaWebMvcConfiguration : spring.jpa.open-in-view is enabled by default. Therefore, database queries may be performed during view rendering. Explicitly configure spring.jpa.open-in-view to disable this warning
2022-04-23 21:01:02.471  INFO 21380 --- [main] o.s.s.c.ThreadPoolTaskScheduler          : Initializing ExecutorService 'taskScheduler'
2022-04-23 21:01:02.518  INFO 21380 --- [main] o.s.b.w.embedded.tomcat.TomcatWebServer  : Tomcat started on port(s): 8081 (http) with context path ''
2022-04-23 21:01:02.520  INFO 21380 --- [main] com.satech.pharmacy.PharmacyApplication  : Started PharmacyApplication in 4.562 seconds (JVM running for 4.834)
2022-04-23 21:01:08.754  INFO 21380 --- [http-nio-8081-exec-2] o.a.c.c.C.[Tomcat].[localhost].[/]       : Initializing Spring DispatcherServlet 'dispatcherServlet'
2022-04-23 21:01:08.755  INFO 21380 --- [http-nio-8081-exec-2] o.s.web.servlet.DispatcherServlet        : Initializing Servlet 'dispatcherServlet'
2022-04-23 21:01:08.768  INFO 21380 --- [http-nio-8081-exec-2] o.s.web.servlet.DispatcherServlet        : Completed initialization in 13 ms
2022-04-23 21:01:29.942 ERROR 21380 --- [http-nio-8081-exec-2] c.s.p.connector.ModbusTcpController      : [ModbusTcpController][SendData][Modbus Connection Exception! Deneme baþarýsýz. TryCount: 1]
2022-04-23 21:01:35.364  INFO 21380 --- [pool-3-thread-1] c.s.pharmacy.connector.RequestHandler    : [RequestHandler][MessageReceived: SCN2-011833]
2022-04-23 21:01:35.373 DEBUG 21380 --- [pool-3-thread-1] c.s.pharmacy.connector.RequestHandler    : [ProcessInput][Get BoxStation with Number in 9ms]
2022-04-23 21:01:35.374 DEBUG 21380 --- [pool-3-thread-1] c.s.pharmacy.connector.RequestHandler    : [ProcessInput][Box or BoxStation is not found][Keep Going]
2022-04-23 21:01:51.532 ERROR 21380 --- [http-nio-8081-exec-2] c.s.p.connector.ModbusTcpController      : [ModbusTcpController][SendData][Modbus Connection Exception! Deneme baþarýsýz. TryCount: 2]
2022-04-23 21:01:56.425 ERROR 21380 --- [pool-3-thread-1] c.s.p.connector.ModbusTcpController      : [ModbusTcpController][SendData][Modbus Connection Exception! Deneme baþarýsýz. TryCount: 1]
2022-04-23 21:02:13.119 ERROR 21380 --- [http-nio-8081-exec-2] c.s.p.connector.ModbusTcpController      : [ModbusTcpController][SendData][Modbus Connection Exception! Deneme baþarýsýz. TryCount: 3]
2022-04-23 21:02:17.999 ERROR 21380 --- [pool-3-thread-1] c.s.p.connector.ModbusTcpController      : [ModbusTcpController][SendData][Modbus Connection Exception! Deneme baþarýsýz. TryCount: 2]
2022-04-23 21:02:34.696 ERROR 21380 --- [http-nio-8081-exec-2] c.s.p.connector.ModbusTcpController      : [ModbusTcpController][SendData][Modbus Connection Exception! Deneme baþarýsýz. TryCount: 4]
2022-04-23 21:02:35.241 DEBUG 21380 --- [http-nio-8081-exec-2] c.s.p.connector.ModbusTcpController      : [ModbusTcpController][SendData][Modbus Connection Exception! 10 Deneme tamamlandý.]
2022-04-23 21:02:35.242  INFO 21380 --- [http-nio-8081-exec-2] com.satech.pharmacy.service.BoxService   : Eþleme bilgisi yollandý
2022-04-23 21:02:35.244  INFO 21380 --- [http-nio-8081-exec-2] com.satech.pharmacy.service.BoxService   : Box updated with ID:36 | BoxNumber:121193 | OrderNumber:O_7800850
2022-04-23 21:02:39.571 ERROR 21380 --- [pool-3-thread-1] c.s.p.connector.ModbusTcpController      : [ModbusTcpController][SendData][Modbus Connection Exception! Deneme baþarýsýz. TryCount: 3]
2022-04-23 21:03:00.014  INFO 21380 --- [scheduling-1] com.satech.pharmacy.service.BoxService   : [ArchiveCompletedBox][No Completed Box To Archive]
2022-04-23 21:03:00.015  INFO 21380 --- [scheduling-1] com.satech.pharmacy.service.BoxService   : [ArchiveCompletedBox][Process Ended In 5]
2022-04-23 21:03:00.015  INFO 21380 --- [scheduling-1] com.satech.pharmacy.service.BoxService   : ---------------------------------------------------------------------------------
2022-04-23 21:03:01.114 ERROR 21380 --- [pool-3-thread-1] c.s.p.connector.ModbusTcpController      : [ModbusTcpController][SendData][Modbus Connection Exception! Deneme baþarýsýz. TryCount: 4]
2022-04-23 21:03:01.637 DEBUG 21380 --- [pool-3-thread-1] c.s.p.connector.ModbusTcpController      : [ModbusTcpController][SendData][Modbus Connection Exception! 10 Deneme tamamlandý.]
2022-04-23 21:03:01.637  INFO 21380 --- [pool-3-thread-1] c.s.pharmacy.connector.RequestHandler    : [ProcessInput][Process Ended In 86273]
2022-04-23 21:03:01.638  INFO 21380 --- [pool-3-thread-1] c.s.pharmacy.connector.RequestHandler    : ---------------------------------------------------------------------------------
